\BOOKMARK [0][-]{chapter.1}{\376\377\000C\000o\000m\000p\000\040\000V\000i\000z\000\040\000S\000u\000m\000m\000a\000r\000y}{}% 1
\BOOKMARK [0][-]{chapter.2}{\376\377\000C\000o\000m\000p\000\040\000V\000i\000z}{}% 2
\BOOKMARK [1][-]{section.2.1}{\376\377\000c\000o\000m\000p\000\137\000v\000i\000z\000\040\000p\000a\000c\000k\000a\000g\000e}{chapter.2}% 3
\BOOKMARK [2][-]{subsection.2.1.1}{\376\377\000S\000u\000b\000p\000a\000c\000k\000a\000g\000e\000s}{section.2.1}% 4
\BOOKMARK [3][-]{subsubsection*.3}{\376\377\000O\000b\000j\000e\000c\000t\000\040\000D\000e\000t\000e\000c\000t\000i\000o\000n\000\040\000p\000a\000c\000k\000a\000g\000e}{subsection.2.1.1}% 5
\BOOKMARK [4][-]{paragraph*.4}{\376\377\000o\000b\000j\000e\000c\000t\000\137\000d\000e\000t\000e\000c\000t\000i\000o\000n\000.\000m\000o\000d\000e\000l\000\040\000m\000o\000d\000u\000l\000e}{subsubsection*.3}% 6
\BOOKMARK [4][-]{paragraph*.14}{\376\377\000M\000o\000d\000u\000l\000e\000\040\000c\000o\000n\000t\000e\000n\000t\000s}{subsubsection*.3}% 7
\BOOKMARK [4][-]{paragraph*.15}{\376\377\000m\000o\000d\000e\000l\000.\000p\000y}{subsubsection*.3}% 8
\BOOKMARK [4][-]{paragraph*.16}{\376\377\000\137\000\137\000i\000n\000i\000t\000\137\000\137\000.\000p\000y}{subsubsection*.3}% 9
\BOOKMARK [3][-]{subsubsection*.17}{\376\377\000U\000t\000i\000l\000s\000\040\000p\000a\000c\000k\000a\000g\000e}{subsection.2.1.1}% 10
\BOOKMARK [4][-]{paragraph*.18}{\376\377\000u\000t\000i\000l\000s\000.\000t\000o\000o\000l\000b\000o\000x\000\040\000m\000o\000d\000u\000l\000e}{subsubsection*.17}% 11
\BOOKMARK [4][-]{paragraph*.38}{\376\377\000M\000o\000d\000u\000l\000e\000\040\000c\000o\000n\000t\000e\000n\000t\000s}{subsubsection*.17}% 12
\BOOKMARK [4][-]{paragraph*.39}{\376\377\000t\000o\000o\000l\000b\000o\000x\000.\000p\000y}{subsubsection*.17}% 13
\BOOKMARK [4][-]{paragraph*.40}{\376\377\000\137\000\137\000i\000n\000i\000t\000\137\000\137\000.\000p\000y}{subsubsection*.17}% 14
\BOOKMARK [2][-]{subsection.2.1.2}{\376\377\000C\000o\000m\000p\000\040\000V\000i\000z\000\040\000p\000a\000c\000k\000a\000g\000e\000\040\000c\000o\000n\000f\000i\000g\000u\000r\000a\000t\000i\000o\000n\000\040\000f\000i\000l\000e}{section.2.1}% 15
\BOOKMARK [2][-]{subsection.2.1.3}{\376\377\000c\000o\000m\000p\000\137\000v\000i\000z\000.\000c\000o\000n\000f\000i\000g}{section.2.1}% 16
\BOOKMARK [2][-]{subsection.2.1.4}{\376\377\000c\000o\000n\000f\000i\000g\000.\000p\000y\000\040\000s\000o\000u\000r\000c\000e\000\040\000c\000o\000d\000e}{section.2.1}% 17
\BOOKMARK [2][-]{subsection.2.1.5}{\376\377\000\137\000\137\000i\000n\000i\000t\000\137\000\137\000.\000p\000y\000\040\000s\000o\000u\000r\000c\000e\000\040\000c\000o\000d\000e}{section.2.1}% 18
\BOOKMARK [0][-]{section*.47}{\376\377\000P\000y\000t\000h\000o\000n\000\040\000M\000o\000d\000u\000l\000e\000\040\000I\000n\000d\000e\000x}{}% 19
\BOOKMARK [0][-]{section*.48}{\376\377\000I\000n\000d\000e\000x}{}% 20
